2025-12-02 00:03:38.327  INFO 34084 --- [main] org.dcoffice.cachar.Main                 : Starting Main using Java 17.0.12 on LAPTOP-3QSE8C5F with PID 34084 (D:\Tech\world_of_dc\target\classes started by user in D:\Tech\world_of_dc)
2025-12-02 00:03:38.338  INFO 34084 --- [main] org.dcoffice.cachar.Main                 : No active profile set, falling back to 1 default profile: "default"
2025-12-02 00:03:39.740  INFO 34084 --- [main] .s.d.r.c.RepositoryConfigurationDelegate : Bootstrapping Spring Data MongoDB repositories in DEFAULT mode.
2025-12-02 00:03:39.897  INFO 34084 --- [main] .s.d.r.c.RepositoryConfigurationDelegate : Finished Spring Data repository scanning in 146 ms. Found 9 MongoDB repository interfaces.
2025-12-02 00:03:41.338  WARN 34084 --- [main] ConfigServletWebServerApplicationContext : Exception encountered during context initialization - cancelling refresh attempt: org.springframework.context.ApplicationContextException: Unable to start web server; nested exception is org.springframework.boot.web.server.WebServerException: Could not load key store 'null'
2025-12-02 00:03:41.390  INFO 34084 --- [main] ConditionEvaluationReportLoggingListener : 

Error starting ApplicationContext. To display the conditions report re-run your application with 'debug' enabled.
2025-12-02 00:03:41.480 ERROR 34084 --- [main] o.s.boot.SpringApplication               : Application run failed

org.springframework.context.ApplicationContextException: Unable to start web server; nested exception is org.springframework.boot.web.server.WebServerException: Could not load key store 'null'
	at org.springframework.boot.web.servlet.context.ServletWebServerApplicationContext.onRefresh(ServletWebServerApplicationContext.java:165) ~[spring-boot-2.7.0.jar:2.7.0]
	at org.springframework.context.support.AbstractApplicationContext.refresh(AbstractApplicationContext.java:577) ~[spring-context-5.3.20.jar:5.3.20]
	at org.springframework.boot.web.servlet.context.ServletWebServerApplicationContext.refresh(ServletWebServerApplicationContext.java:147) ~[spring-boot-2.7.0.jar:2.7.0]
	at org.springframework.boot.SpringApplication.refresh(SpringApplication.java:734) ~[spring-boot-2.7.0.jar:2.7.0]
	at org.springframework.boot.SpringApplication.refreshContext(SpringApplication.java:408) ~[spring-boot-2.7.0.jar:2.7.0]
	at org.springframework.boot.SpringApplication.run(SpringApplication.java:308) ~[spring-boot-2.7.0.jar:2.7.0]
	at org.springframework.boot.SpringApplication.run(SpringApplication.java:1306) ~[spring-boot-2.7.0.jar:2.7.0]
	at org.springframework.boot.SpringApplication.run(SpringApplication.java:1295) ~[spring-boot-2.7.0.jar:2.7.0]
	at org.dcoffice.cachar.Main.main(Main.java:10) ~[classes/:na]
Caused by: org.springframework.boot.web.server.WebServerException: Could not load key store 'null'
	at org.springframework.boot.web.embedded.tomcat.SslConnectorCustomizer.configureSslKeyStore(SslConnectorCustomizer.java:142) ~[spring-boot-2.7.0.jar:2.7.0]
	at org.springframework.boot.web.embedded.tomcat.SslConnectorCustomizer.configureSsl(SslConnectorCustomizer.java:98) ~[spring-boot-2.7.0.jar:2.7.0]
	at org.springframework.boot.web.embedded.tomcat.SslConnectorCustomizer.customize(SslConnectorCustomizer.java:60) ~[spring-boot-2.7.0.jar:2.7.0]
	at org.springframework.boot.web.embedded.tomcat.TomcatServletWebServerFactory.customizeSsl(TomcatServletWebServerFactory.java:364) ~[spring-boot-2.7.0.jar:2.7.0]
	at org.springframework.boot.web.embedded.tomcat.TomcatServletWebServerFactory.customizeConnector(TomcatServletWebServerFactory.java:342) ~[spring-boot-2.7.0.jar:2.7.0]
	at org.springframework.boot.web.embedded.tomcat.TomcatServletWebServerFactory.getWebServer(TomcatServletWebServerFactory.java:203) ~[spring-boot-2.7.0.jar:2.7.0]
	at org.springframework.boot.web.servlet.context.ServletWebServerApplicationContext.createWebServer(ServletWebServerApplicationContext.java:184) ~[spring-boot-2.7.0.jar:2.7.0]
	at org.springframework.boot.web.servlet.context.ServletWebServerApplicationContext.onRefresh(ServletWebServerApplicationContext.java:162) ~[spring-boot-2.7.0.jar:2.7.0]
	... 8 common frames omitted
Caused by: java.lang.IllegalArgumentException: Resource location must not be null
	at org.springframework.util.Assert.notNull(Assert.java:201) ~[spring-core-5.3.20.jar:5.3.20]
	at org.springframework.util.ResourceUtils.getURL(ResourceUtils.java:130) ~[spring-core-5.3.20.jar:5.3.20]
	at org.springframework.boot.web.embedded.tomcat.SslConnectorCustomizer.configureSslKeyStore(SslConnectorCustomizer.java:139) ~[spring-boot-2.7.0.jar:2.7.0]
	... 15 common frames omitted

2025-12-02 00:04:09.389  INFO 36920 --- [main] org.dcoffice.cachar.Main                 : Starting Main using Java 17.0.12 on LAPTOP-3QSE8C5F with PID 36920 (D:\Tech\world_of_dc\target\classes started by user in D:\Tech\world_of_dc)
2025-12-02 00:04:09.394  INFO 36920 --- [main] org.dcoffice.cachar.Main                 : No active profile set, falling back to 1 default profile: "default"
2025-12-02 00:04:10.697  INFO 36920 --- [main] .s.d.r.c.RepositoryConfigurationDelegate : Bootstrapping Spring Data MongoDB repositories in DEFAULT mode.
2025-12-02 00:04:10.882  INFO 36920 --- [main] .s.d.r.c.RepositoryConfigurationDelegate : Finished Spring Data repository scanning in 178 ms. Found 9 MongoDB repository interfaces.
2025-12-02 00:04:12.763  WARN 36920 --- [main] ConfigServletWebServerApplicationContext : Exception encountered during context initialization - cancelling refresh attempt: org.springframework.context.ApplicationContextException: Unable to start web server; nested exception is org.springframework.boot.web.server.WebServerException: Could not load key store 'null'
2025-12-02 00:04:12.807  INFO 36920 --- [main] ConditionEvaluationReportLoggingListener : 

Error starting ApplicationContext. To display the conditions report re-run your application with 'debug' enabled.
2025-12-02 00:04:12.940 ERROR 36920 --- [main] o.s.boot.SpringApplication               : Application run failed

org.springframework.context.ApplicationContextException: Unable to start web server; nested exception is org.springframework.boot.web.server.WebServerException: Could not load key store 'null'
	at org.springframework.boot.web.servlet.context.ServletWebServerApplicationContext.onRefresh(ServletWebServerApplicationContext.java:165) ~[spring-boot-2.7.0.jar:2.7.0]
	at org.springframework.context.support.AbstractApplicationContext.refresh(AbstractApplicationContext.java:577) ~[spring-context-5.3.20.jar:5.3.20]
	at org.springframework.boot.web.servlet.context.ServletWebServerApplicationContext.refresh(ServletWebServerApplicationContext.java:147) ~[spring-boot-2.7.0.jar:2.7.0]
	at org.springframework.boot.SpringApplication.refresh(SpringApplication.java:734) ~[spring-boot-2.7.0.jar:2.7.0]
	at org.springframework.boot.SpringApplication.refreshContext(SpringApplication.java:408) ~[spring-boot-2.7.0.jar:2.7.0]
	at org.springframework.boot.SpringApplication.run(SpringApplication.java:308) ~[spring-boot-2.7.0.jar:2.7.0]
	at org.springframework.boot.SpringApplication.run(SpringApplication.java:1306) ~[spring-boot-2.7.0.jar:2.7.0]
	at org.springframework.boot.SpringApplication.run(SpringApplication.java:1295) ~[spring-boot-2.7.0.jar:2.7.0]
	at org.dcoffice.cachar.Main.main(Main.java:10) ~[classes/:na]
Caused by: org.springframework.boot.web.server.WebServerException: Could not load key store 'null'
	at org.springframework.boot.web.embedded.tomcat.SslConnectorCustomizer.configureSslKeyStore(SslConnectorCustomizer.java:142) ~[spring-boot-2.7.0.jar:2.7.0]
	at org.springframework.boot.web.embedded.tomcat.SslConnectorCustomizer.configureSsl(SslConnectorCustomizer.java:98) ~[spring-boot-2.7.0.jar:2.7.0]
	at org.springframework.boot.web.embedded.tomcat.SslConnectorCustomizer.customize(SslConnectorCustomizer.java:60) ~[spring-boot-2.7.0.jar:2.7.0]
	at org.springframework.boot.web.embedded.tomcat.TomcatServletWebServerFactory.customizeSsl(TomcatServletWebServerFactory.java:364) ~[spring-boot-2.7.0.jar:2.7.0]
	at org.springframework.boot.web.embedded.tomcat.TomcatServletWebServerFactory.customizeConnector(TomcatServletWebServerFactory.java:342) ~[spring-boot-2.7.0.jar:2.7.0]
	at org.springframework.boot.web.embedded.tomcat.TomcatServletWebServerFactory.getWebServer(TomcatServletWebServerFactory.java:203) ~[spring-boot-2.7.0.jar:2.7.0]
	at org.springframework.boot.web.servlet.context.ServletWebServerApplicationContext.createWebServer(ServletWebServerApplicationContext.java:184) ~[spring-boot-2.7.0.jar:2.7.0]
	at org.springframework.boot.web.servlet.context.ServletWebServerApplicationContext.onRefresh(ServletWebServerApplicationContext.java:162) ~[spring-boot-2.7.0.jar:2.7.0]
	... 8 common frames omitted
Caused by: java.lang.IllegalArgumentException: Resource location must not be null
	at org.springframework.util.Assert.notNull(Assert.java:201) ~[spring-core-5.3.20.jar:5.3.20]
	at org.springframework.util.ResourceUtils.getURL(ResourceUtils.java:130) ~[spring-core-5.3.20.jar:5.3.20]
	at org.springframework.boot.web.embedded.tomcat.SslConnectorCustomizer.configureSslKeyStore(SslConnectorCustomizer.java:139) ~[spring-boot-2.7.0.jar:2.7.0]
	... 15 common frames omitted

2025-12-02 00:04:32.117  INFO 33084 --- [main] org.dcoffice.cachar.Main                 : Starting Main using Java 17.0.12 on LAPTOP-3QSE8C5F with PID 33084 (D:\Tech\world_of_dc\target\classes started by user in D:\Tech\world_of_dc)
2025-12-02 00:04:32.121  INFO 33084 --- [main] org.dcoffice.cachar.Main                 : No active profile set, falling back to 1 default profile: "default"
2025-12-02 00:04:33.406  INFO 33084 --- [main] .s.d.r.c.RepositoryConfigurationDelegate : Bootstrapping Spring Data MongoDB repositories in DEFAULT mode.
2025-12-02 00:04:33.547  INFO 33084 --- [main] .s.d.r.c.RepositoryConfigurationDelegate : Finished Spring Data repository scanning in 131 ms. Found 9 MongoDB repository interfaces.
2025-12-02 00:04:35.333  INFO 33084 --- [main] o.s.b.w.embedded.tomcat.TomcatWebServer  : Tomcat initialized with port(s): 8080 (http)
2025-12-02 00:04:35.361  INFO 33084 --- [main] o.apache.catalina.core.StandardService   : Starting service [Tomcat]
2025-12-02 00:04:35.362  INFO 33084 --- [main] org.apache.catalina.core.StandardEngine  : Starting Servlet engine: [Apache Tomcat/9.0.63]
2025-12-02 00:04:35.570  INFO 33084 --- [main] o.a.c.c.C.[Tomcat].[localhost].[/]       : Initializing Spring embedded WebApplicationContext
2025-12-02 00:04:35.571  INFO 33084 --- [main] w.s.c.ServletWebServerApplicationContext : Root WebApplicationContext: initialization completed in 3387 ms
2025-12-02 00:04:36.363 DEBUG 33084 --- [main] o.d.c.config.JwtAuthenticationFilter     : Filter 'jwtAuthenticationFilter' configured for use
2025-12-02 00:04:41.157  INFO 33084 --- [main] o.d.cachar.service.FileStorageService    : File storage location initialized: D:\Tech\world_of_dc\uploads
2025-12-02 00:04:41.564  WARN 33084 --- [main] .s.s.UserDetailsServiceAutoConfiguration : 

Using generated security password: 43bfe8ad-f81a-4814-a5e2-c9912fa5e4e3

This generated password is for development use only. Your security configuration must be updated before running your application in production.

2025-12-02 00:04:42.405  INFO 33084 --- [main] o.s.b.a.e.web.EndpointLinksResolver      : Exposing 3 endpoint(s) beneath base path '/actuator'
2025-12-02 00:04:42.452  INFO 33084 --- [main] o.s.s.web.DefaultSecurityFilterChain     : Will secure any request with [org.springframework.security.web.session.DisableEncodeUrlFilter@44976b08, org.springframework.security.web.context.request.async.WebAsyncManagerIntegrationFilter@29b8df5, org.springframework.security.web.context.SecurityContextPersistenceFilter@333d44f6, org.springframework.security.web.header.HeaderWriterFilter@15d88c10, org.springframework.web.filter.CorsFilter@20890a1a, org.springframework.security.web.authentication.logout.LogoutFilter@84f51d9, org.dcoffice.cachar.config.JwtAuthenticationFilter@20a967fe, org.springframework.security.web.authentication.www.BasicAuthenticationFilter@277bc3a5, org.springframework.security.web.savedrequest.RequestCacheAwareFilter@3c3e363, org.springframework.security.web.servletapi.SecurityContextHolderAwareRequestFilter@205159dc, org.springframework.security.web.authentication.AnonymousAuthenticationFilter@70a24f9, org.springframework.security.web.session.SessionManagementFilter@44084713, org.springframework.security.web.access.ExceptionTranslationFilter@1d3d76b4, org.springframework.security.web.access.intercept.FilterSecurityInterceptor@6c70b7c3]
2025-12-02 00:04:42.941  INFO 33084 --- [main] o.s.b.w.embedded.tomcat.TomcatWebServer  : Tomcat started on port(s): 8080 (http) with context path ''
2025-12-02 00:04:42.965  INFO 33084 --- [main] org.dcoffice.cachar.Main                 : Started Main in 11.373 seconds (JVM running for 11.842)
2025-12-02 00:04:43.704  INFO 33084 --- [main] org.dcoffice.cachar.config.MongoConfig   : ========================================
2025-12-02 00:04:43.704  INFO 33084 --- [main] org.dcoffice.cachar.config.MongoConfig   : MongoDB Connection Configuration:
2025-12-02 00:04:43.705  INFO 33084 --- [main] org.dcoffice.cachar.config.MongoConfig   : Environment Variables:
2025-12-02 00:04:43.705  INFO 33084 --- [main] org.dcoffice.cachar.config.MongoConfig   :   MONGODB_URI: NOT SET
2025-12-02 00:04:43.705  INFO 33084 --- [main] org.dcoffice.cachar.config.MongoConfig   :   SPRING_DATA_MONGODB_URI: NOT SET
2025-12-02 00:04:43.705  INFO 33084 --- [main] org.dcoffice.cachar.config.MongoConfig   : Spring Properties:
2025-12-02 00:04:43.706  INFO 33084 --- [main] org.dcoffice.cachar.config.MongoConfig   :   spring.data.mongodb.uri: mongodb+srv://ashishunhale1420_db_user:****@cluster0.f0u1sly.mongodb.net/cachar_complaints?retryWrites=true&w=majority&appName=Cluster0
2025-12-02 00:04:43.706  INFO 33084 --- [main] org.dcoffice.cachar.config.MongoConfig   : ========================================
2025-12-02 00:06:34.690  INFO 33084 --- [http-nio-8080-exec-2] o.a.c.c.C.[Tomcat].[localhost].[/]       : Initializing Spring DispatcherServlet 'dispatcherServlet'
2025-12-02 00:06:34.691  INFO 33084 --- [http-nio-8080-exec-2] o.s.web.servlet.DispatcherServlet        : Initializing Servlet 'dispatcherServlet'
2025-12-02 00:06:34.693  INFO 33084 --- [http-nio-8080-exec-2] o.s.web.servlet.DispatcherServlet        : Completed initialization in 2 ms
2025-12-02 00:06:34.785 DEBUG 33084 --- [http-nio-8080-exec-1] o.d.c.config.JwtAuthenticationFilter     : Processing request: /api/citizen/carousel with auth header: null
2025-12-02 00:06:34.785 DEBUG 33084 --- [http-nio-8080-exec-1] o.d.c.config.JwtAuthenticationFilter     : No valid Authorization header found
2025-12-02 00:06:34.786 DEBUG 33084 --- [http-nio-8080-exec-2] o.d.c.config.JwtAuthenticationFilter     : Processing request: /api/citizen/portal-stats with auth header: null
2025-12-02 00:06:34.786 DEBUG 33084 --- [http-nio-8080-exec-2] o.d.c.config.JwtAuthenticationFilter     : No valid Authorization header found
2025-12-02 00:06:35.170 DEBUG 33084 --- [http-nio-8080-exec-3] o.d.c.config.JwtAuthenticationFilter     : Processing request: /api/citizen/portal-stats with auth header: null
2025-12-02 00:06:35.171 DEBUG 33084 --- [http-nio-8080-exec-3] o.d.c.config.JwtAuthenticationFilter     : No valid Authorization header found
2025-12-02 00:06:35.394 DEBUG 33084 --- [http-nio-8080-exec-4] o.d.c.config.JwtAuthenticationFilter     : Processing request: /api/citizen/carousel with auth header: null
2025-12-02 00:06:35.394 DEBUG 33084 --- [http-nio-8080-exec-4] o.d.c.config.JwtAuthenticationFilter     : No valid Authorization header found
2025-12-02 00:07:36.142 DEBUG 33084 --- [http-nio-8080-exec-9] o.d.c.config.JwtAuthenticationFilter     : Processing request: /api/officer/login with auth header: null
2025-12-02 00:07:36.143 DEBUG 33084 --- [http-nio-8080-exec-9] o.d.c.config.JwtAuthenticationFilter     : No valid Authorization header found
2025-12-02 00:07:36.455  WARN 33084 --- [http-nio-8080-exec-9] o.d.cachar.controller.OfficerController  : Officer login failed for 10001: Officer not found with employee ID: 10001
